<?xml version="1.0" encoding="UTF-8"?>
<testsuite name="com.mindex.challenge.DataBootstrapTest" tests="1" skipped="0" failures="0" errors="0" timestamp="2024-09-16T22:37:57" hostname="eishalle" time="0.005">
  <properties/>
  <testcase name="test" classname="com.mindex.challenge.DataBootstrapTest" time="0.005"/>
  <system-out><![CDATA[2024-09-16 18:37:57.729  INFO 128725 --- [    Test worker] .b.t.c.SpringBootTestContextBootstrapper : Neither @ContextConfiguration nor @ContextHierarchy found for test class [com.mindex.challenge.DataBootstrapTest], using SpringBootContextLoader
2024-09-16 18:37:57.730  INFO 128725 --- [    Test worker] o.s.t.c.support.AbstractContextLoader    : Could not detect default resource locations for test class [com.mindex.challenge.DataBootstrapTest]: no resource found for suffixes {-context.xml, Context.groovy}.
2024-09-16 18:37:57.730  INFO 128725 --- [    Test worker] t.c.s.AnnotationConfigContextLoaderUtils : Could not detect default configuration classes for test class [com.mindex.challenge.DataBootstrapTest]: DataBootstrapTest does not declare any static, non-private, non-final, nested classes annotated with @Configuration.
2024-09-16 18:37:57.731  INFO 128725 --- [    Test worker] .b.t.c.SpringBootTestContextBootstrapper : Found @SpringBootConfiguration com.mindex.challenge.ChallengeApplication for test class com.mindex.challenge.DataBootstrapTest
2024-09-16 18:37:57.732  INFO 128725 --- [    Test worker] .b.t.c.SpringBootTestContextBootstrapper : Loaded default TestExecutionListener class names from location [META-INF/spring.factories]: [org.springframework.boot.test.autoconfigure.restdocs.RestDocsTestExecutionListener, org.springframework.boot.test.autoconfigure.web.client.MockRestServiceServerResetTestExecutionListener, org.springframework.boot.test.autoconfigure.web.servlet.MockMvcPrintOnlyOnFailureTestExecutionListener, org.springframework.boot.test.autoconfigure.web.servlet.WebDriverTestExecutionListener, org.springframework.boot.test.mock.mockito.MockitoTestExecutionListener, org.springframework.boot.test.mock.mockito.ResetMocksTestExecutionListener, org.springframework.test.context.web.ServletTestExecutionListener, org.springframework.test.context.support.DirtiesContextBeforeModesTestExecutionListener, org.springframework.test.context.support.DependencyInjectionTestExecutionListener, org.springframework.test.context.support.DirtiesContextTestExecutionListener, org.springframework.test.context.transaction.TransactionalTestExecutionListener, org.springframework.test.context.jdbc.SqlScriptsTestExecutionListener, org.springframework.test.context.event.EventPublishingTestExecutionListener]
2024-09-16 18:37:57.732  INFO 128725 --- [    Test worker] .b.t.c.SpringBootTestContextBootstrapper : Using TestExecutionListeners: [org.springframework.test.context.web.ServletTestExecutionListener@64c14053, org.springframework.test.context.support.DirtiesContextBeforeModesTestExecutionListener@7e7ddf7a, org.springframework.boot.test.mock.mockito.MockitoTestExecutionListener@3edc760f, org.springframework.boot.test.autoconfigure.SpringBootDependencyInjectionTestExecutionListener@4bbecaad, org.springframework.test.context.support.DirtiesContextTestExecutionListener@2593d851, org.springframework.test.context.transaction.TransactionalTestExecutionListener@35854596, org.springframework.test.context.jdbc.SqlScriptsTestExecutionListener@68342127, org.springframework.test.context.event.EventPublishingTestExecutionListener@5562752e, org.springframework.boot.test.autoconfigure.restdocs.RestDocsTestExecutionListener@6e087e83, org.springframework.boot.test.autoconfigure.web.client.MockRestServiceServerResetTestExecutionListener@71be2f21, org.springframework.boot.test.autoconfigure.web.servlet.MockMvcPrintOnlyOnFailureTestExecutionListener@38ca0528, org.springframework.boot.test.autoconfigure.web.servlet.WebDriverTestExecutionListener@7e47cc1a, org.springframework.boot.test.mock.mockito.ResetMocksTestExecutionListener@53965937]
]]></system-out>
  <system-err><![CDATA[]]></system-err>
</testsuite>
