<?xml version="1.0" encoding="UTF-8"?>
<testsuite name="com.mindex.challenge.ChallengeApplicationTests" tests="1" skipped="0" failures="0" errors="0" timestamp="2024-09-16T22:37:57" hostname="eishalle" time="0.002">
  <properties/>
  <testcase name="contextLoads" classname="com.mindex.challenge.ChallengeApplicationTests" time="0.002"/>
  <system-out><![CDATA[2024-09-16 18:37:57.225  INFO 128725 --- [    Test worker] .b.t.c.SpringBootTestContextBootstrapper : Neither @ContextConfiguration nor @ContextHierarchy found for test class [com.mindex.challenge.ChallengeApplicationTests], using SpringBootContextLoader
2024-09-16 18:37:57.226  INFO 128725 --- [    Test worker] o.s.t.c.support.AbstractContextLoader    : Could not detect default resource locations for test class [com.mindex.challenge.ChallengeApplicationTests]: no resource found for suffixes {-context.xml, Context.groovy}.
2024-09-16 18:37:57.227  INFO 128725 --- [    Test worker] t.c.s.AnnotationConfigContextLoaderUtils : Could not detect default configuration classes for test class [com.mindex.challenge.ChallengeApplicationTests]: ChallengeApplicationTests does not declare any static, non-private, non-final, nested classes annotated with @Configuration.
2024-09-16 18:37:57.231  INFO 128725 --- [    Test worker] .b.t.c.SpringBootTestContextBootstrapper : Found @SpringBootConfiguration com.mindex.challenge.ChallengeApplication for test class com.mindex.challenge.ChallengeApplicationTests
2024-09-16 18:37:57.232  INFO 128725 --- [    Test worker] .b.t.c.SpringBootTestContextBootstrapper : Loaded default TestExecutionListener class names from location [META-INF/spring.factories]: [org.springframework.boot.test.autoconfigure.restdocs.RestDocsTestExecutionListener, org.springframework.boot.test.autoconfigure.web.client.MockRestServiceServerResetTestExecutionListener, org.springframework.boot.test.autoconfigure.web.servlet.MockMvcPrintOnlyOnFailureTestExecutionListener, org.springframework.boot.test.autoconfigure.web.servlet.WebDriverTestExecutionListener, org.springframework.boot.test.mock.mockito.MockitoTestExecutionListener, org.springframework.boot.test.mock.mockito.ResetMocksTestExecutionListener, org.springframework.test.context.web.ServletTestExecutionListener, org.springframework.test.context.support.DirtiesContextBeforeModesTestExecutionListener, org.springframework.test.context.support.DependencyInjectionTestExecutionListener, org.springframework.test.context.support.DirtiesContextTestExecutionListener, org.springframework.test.context.transaction.TransactionalTestExecutionListener, org.springframework.test.context.jdbc.SqlScriptsTestExecutionListener, org.springframework.test.context.event.EventPublishingTestExecutionListener]
2024-09-16 18:37:57.233  INFO 128725 --- [    Test worker] .b.t.c.SpringBootTestContextBootstrapper : Using TestExecutionListeners: [org.springframework.test.context.web.ServletTestExecutionListener@13d660fe, org.springframework.test.context.support.DirtiesContextBeforeModesTestExecutionListener@67a23550, org.springframework.boot.test.mock.mockito.MockitoTestExecutionListener@55cd604, org.springframework.boot.test.autoconfigure.SpringBootDependencyInjectionTestExecutionListener@c277cdc, org.springframework.test.context.support.DirtiesContextTestExecutionListener@2c562c36, org.springframework.test.context.transaction.TransactionalTestExecutionListener@5a289459, org.springframework.test.context.jdbc.SqlScriptsTestExecutionListener@392785ee, org.springframework.test.context.event.EventPublishingTestExecutionListener@e51cf8a, org.springframework.boot.test.autoconfigure.restdocs.RestDocsTestExecutionListener@13fb65ea, org.springframework.boot.test.autoconfigure.web.client.MockRestServiceServerResetTestExecutionListener@d6fa190, org.springframework.boot.test.autoconfigure.web.servlet.MockMvcPrintOnlyOnFailureTestExecutionListener@8e24d26, org.springframework.boot.test.autoconfigure.web.servlet.WebDriverTestExecutionListener@84ffe2f, org.springframework.boot.test.mock.mockito.ResetMocksTestExecutionListener@40d30ef9]

  .   ____          _            __ _ _
 /\\ / ___'_ __ _ _(_)_ __  __ _ \ \ \ \
( ( )\___ | '_ | '_| | '_ \/ _` | \ \ \ \
 \\/  ___)| |_)| | | | | || (_| |  ) ) ) )
  '  |____| .__|_| |_|_| |_\__, | / / / /
 =========|_|==============|___/=/_/_/_/
 :: Spring Boot ::        (v2.2.0.RELEASE)

2024-09-16 18:37:57.254  INFO 128725 --- [    Test worker] c.m.challenge.ChallengeApplicationTests  : Starting ChallengeApplicationTests on eishalle with PID 128725 (started by pjd in /home/pjd/Desktop/mindex/mindex-java-code-challenge)
2024-09-16 18:37:57.254 DEBUG 128725 --- [    Test worker] c.m.challenge.ChallengeApplicationTests  : Running with Spring Boot v2.2.0.RELEASE, Spring v5.2.0.RELEASE
2024-09-16 18:37:57.254  INFO 128725 --- [    Test worker] c.m.challenge.ChallengeApplicationTests  : No active profile set, falling back to default profiles: default
2024-09-16 18:37:57.333  INFO 128725 --- [    Test worker] .s.d.r.c.RepositoryConfigurationDelegate : Bootstrapping Spring Data repositories in DEFAULT mode.
2024-09-16 18:37:57.337  INFO 128725 --- [    Test worker] .s.d.r.c.RepositoryConfigurationDelegate : Finished Spring Data repository scanning in 3ms. Found 1 repository interfaces.
2024-09-16 18:37:57.407  INFO 128725 --- [    Test worker] de.bwaldvogel.mongo.MongoServer          : started MongoServer(port: 34861, ssl: false)
2024-09-16 18:37:57.409  INFO 128725 --- [    Test worker] org.mongodb.driver.cluster               : Cluster created with settings {hosts=[127.0.0.1:34861], mode=SINGLE, requiredClusterType=UNKNOWN, serverSelectionTimeout='30000 ms', maxWaitQueueSize=500}
2024-09-16 18:37:57.411  INFO 128725 --- [-server-worker1] d.b.mongo.wire.MongoWireProtocolHandler  : client [id: 0x6eded527, L:/127.0.0.1:34861 - R:/127.0.0.1:47684] connected
2024-09-16 18:37:57.415  WARN 128725 --- [    Test worker] o.s.data.convert.CustomConversions       : Registering converter from class java.time.LocalDateTime to class java.time.Instant as reading converter although it doesn't convert from a store-supported type! You might wanna check you annotation setup at the converter implementation.
2024-09-16 18:37:57.415  WARN 128725 --- [    Test worker] o.s.data.convert.CustomConversions       : Registering converter from class java.time.Instant to class java.time.LocalDateTime as reading converter although it doesn't convert from a store-supported type! You might wanna check you annotation setup at the converter implementation.
2024-09-16 18:37:57.418  WARN 128725 --- [    Test worker] o.s.data.convert.CustomConversions       : Registering converter from class java.time.LocalDateTime to class java.time.Instant as reading converter although it doesn't convert from a store-supported type! You might wanna check you annotation setup at the converter implementation.
2024-09-16 18:37:57.418  WARN 128725 --- [    Test worker] o.s.data.convert.CustomConversions       : Registering converter from class java.time.Instant to class java.time.LocalDateTime as reading converter although it doesn't convert from a store-supported type! You might wanna check you annotation setup at the converter implementation.
2024-09-16 18:37:57.423  INFO 128725 --- [127.0.0.1:34861] org.mongodb.driver.connection            : Opened connection [connectionId{localValue:3}] to 127.0.0.1:34861
2024-09-16 18:37:57.424  INFO 128725 --- [127.0.0.1:34861] org.mongodb.driver.cluster               : Monitor thread successfully connected to server with description ServerDescription{address=127.0.0.1:34861, type=STANDALONE, state=CONNECTED, ok=true, version=ServerVersion{versionList=[3, 0, 0]}, minWireVersion=0, maxWireVersion=2, maxDocumentSize=16777216, logicalSessionTimeoutMinutes=null, roundTripTimeNanos=871931}
2024-09-16 18:37:57.472  INFO 128725 --- [-server-worker2] d.b.mongo.wire.MongoWireProtocolHandler  : client [id: 0x1b979cdf, L:/127.0.0.1:34861 - R:/127.0.0.1:47692] connected
2024-09-16 18:37:57.483  INFO 128725 --- [    Test worker] org.mongodb.driver.connection            : Opened connection [connectionId{localValue:4}] to 127.0.0.1:34861
2024-09-16 18:37:57.484  INFO 128725 --- [-server-worker2] d.b.mongo.backend.AbstractMongoBackend   : created database test
2024-09-16 18:37:57.485  INFO 128725 --- [-server-worker2] d.b.mongo.backend.AbstractMongoDatabase  : adding unique _id index for collection employee
2024-09-16 18:37:57.485  INFO 128725 --- [-server-worker2] d.b.mongo.backend.AbstractMongoDatabase  : created collection test.employee
2024-09-16 18:37:57.604  INFO 128725 --- [    Test worker] o.s.s.concurrent.ThreadPoolTaskExecutor  : Initializing ExecutorService 'applicationTaskExecutor'
2024-09-16 18:37:57.678  WARN 128725 --- [    Test worker] o.s.data.convert.CustomConversions       : Registering converter from class java.time.LocalDateTime to class java.time.Instant as reading converter although it doesn't convert from a store-supported type! You might wanna check you annotation setup at the converter implementation.
2024-09-16 18:37:57.679  WARN 128725 --- [    Test worker] o.s.data.convert.CustomConversions       : Registering converter from class java.time.Instant to class java.time.LocalDateTime as reading converter although it doesn't convert from a store-supported type! You might wanna check you annotation setup at the converter implementation.
2024-09-16 18:37:57.686  WARN 128725 --- [    Test worker] o.s.data.convert.CustomConversions       : Registering converter from class java.time.LocalDateTime to class java.time.Instant as reading converter although it doesn't convert from a store-supported type! You might wanna check you annotation setup at the converter implementation.
2024-09-16 18:37:57.686  WARN 128725 --- [    Test worker] o.s.data.convert.CustomConversions       : Registering converter from class java.time.Instant to class java.time.LocalDateTime as reading converter although it doesn't convert from a store-supported type! You might wanna check you annotation setup at the converter implementation.
2024-09-16 18:37:57.719  INFO 128725 --- [    Test worker] c.m.challenge.ChallengeApplicationTests  : Started ChallengeApplicationTests in 0.481 seconds (JVM running for 4.099)
]]></system-out>
  <system-err><![CDATA[]]></system-err>
</testsuite>
